  [1m[36m (1.1ms)[0m  [1mCREATE TABLE "schema_migrations" ("version" varchar NOT NULL) [0m
  [1m[35m (0.0ms)[0m  select sqlite_version(*)
  [1m[36m (0.8ms)[0m  [1mCREATE UNIQUE INDEX "unique_schema_migrations" ON "schema_migrations" ("version")[0m
  [1m[35mActiveRecord::SchemaMigration Load (0.1ms)[0m  SELECT "schema_migrations".* FROM "schema_migrations"
Migrating to CreateMovies (20111119180638)
  [1m[36m (0.0ms)[0m  [1mbegin transaction[0m
DEPRECATION WARNING: `#timestamps` was called without specifying an option for `null`. In Rails 5, this behavior will change to `null: false`. You should manually specify `null: true` to prevent the behavior of your existing migrations from changing. (called from block in up at /Users/yigit/Desktop/hw-acceptance-unit-test-cycle/rottenpotatoes/db/migrate/20111119180638_create_movies.rb:10)
  [1m[35m (0.4ms)[0m  CREATE TABLE "movies" ("id" INTEGER PRIMARY KEY AUTOINCREMENT NOT NULL, "title" varchar, "rating" varchar, "description" text, "release_date" datetime, "created_at" datetime, "updated_at" datetime) 
  [1m[36mSQL (0.1ms)[0m  [1mINSERT INTO "schema_migrations" ("version") VALUES (?)[0m  [["version", "20111119180638"]]
  [1m[35m (0.8ms)[0m  commit transaction
  [1m[36mActiveRecord::SchemaMigration Load (0.1ms)[0m  [1mSELECT "schema_migrations".* FROM "schema_migrations"[0m
  [1m[36m (1.7ms)[0m  [1mCREATE TABLE "movies" ("id" INTEGER PRIMARY KEY AUTOINCREMENT NOT NULL, "title" varchar, "rating" varchar, "description" text, "release_date" datetime, "created_at" datetime, "updated_at" datetime) [0m
  [1m[35m (1.5ms)[0m  CREATE TABLE "schema_migrations" ("version" varchar NOT NULL) 
  [1m[36m (0.1ms)[0m  [1mselect sqlite_version(*)[0m
  [1m[35m (1.6ms)[0m  CREATE UNIQUE INDEX "unique_schema_migrations" ON "schema_migrations" ("version")
  [1m[36m (0.1ms)[0m  [1mSELECT version FROM "schema_migrations"[0m
  [1m[35m (1.8ms)[0m  INSERT INTO "schema_migrations" (version) VALUES ('20111119180638')
  [1m[36mActiveRecord::SchemaMigration Load (0.1ms)[0m  [1mSELECT "schema_migrations".* FROM "schema_migrations"[0m
  [1m[35m (0.1ms)[0m  begin transaction
  [1m[36mSQL (0.7ms)[0m  [1mINSERT INTO "movies" ("title", "rating", "release_date", "created_at", "updated_at") VALUES (?, ?, ?, ?, ?)[0m  [["title", "Aladdin"], ["rating", "G"], ["release_date", "1992-11-25 00:00:00.000000"], ["created_at", "2022-10-15 20:30:07.365308"], ["updated_at", "2022-10-15 20:30:07.365308"]]
  [1m[35m (1.1ms)[0m  commit transaction
  [1m[36m (0.0ms)[0m  [1mbegin transaction[0m
  [1m[35mSQL (0.3ms)[0m  INSERT INTO "movies" ("title", "rating", "release_date", "created_at", "updated_at") VALUES (?, ?, ?, ?, ?)  [["title", "The Terminator"], ["rating", "R"], ["release_date", "1984-10-26 00:00:00.000000"], ["created_at", "2022-10-15 20:30:07.368436"], ["updated_at", "2022-10-15 20:30:07.368436"]]
  [1m[36m (1.1ms)[0m  [1mcommit transaction[0m
  [1m[35m (0.0ms)[0m  begin transaction
  [1m[36mSQL (0.3ms)[0m  [1mINSERT INTO "movies" ("title", "rating", "release_date", "created_at", "updated_at") VALUES (?, ?, ?, ?, ?)[0m  [["title", "When Harry Met Sally"], ["rating", "R"], ["release_date", "1989-07-21 00:00:00.000000"], ["created_at", "2022-10-15 20:30:07.370782"], ["updated_at", "2022-10-15 20:30:07.370782"]]
  [1m[35m (1.3ms)[0m  commit transaction
  [1m[36m (0.0ms)[0m  [1mbegin transaction[0m
  [1m[35mSQL (0.2ms)[0m  INSERT INTO "movies" ("title", "rating", "release_date", "created_at", "updated_at") VALUES (?, ?, ?, ?, ?)  [["title", "The Help"], ["rating", "PG-13"], ["release_date", "2011-08-10 00:00:00.000000"], ["created_at", "2022-10-15 20:30:07.373205"], ["updated_at", "2022-10-15 20:30:07.373205"]]
  [1m[36m (1.2ms)[0m  [1mcommit transaction[0m
  [1m[35m (0.0ms)[0m  begin transaction
  [1m[36mSQL (0.2ms)[0m  [1mINSERT INTO "movies" ("title", "rating", "release_date", "created_at", "updated_at") VALUES (?, ?, ?, ?, ?)[0m  [["title", "Chocolat"], ["rating", "PG-13"], ["release_date", "2001-01-05 00:00:00.000000"], ["created_at", "2022-10-15 20:30:07.375494"], ["updated_at", "2022-10-15 20:30:07.375494"]]
  [1m[35m (1.0ms)[0m  commit transaction
  [1m[36m (0.0ms)[0m  [1mbegin transaction[0m
  [1m[35mSQL (0.3ms)[0m  INSERT INTO "movies" ("title", "rating", "release_date", "created_at", "updated_at") VALUES (?, ?, ?, ?, ?)  [["title", "Amelie"], ["rating", "R"], ["release_date", "2001-04-25 00:00:00.000000"], ["created_at", "2022-10-15 20:30:07.377693"], ["updated_at", "2022-10-15 20:30:07.377693"]]
  [1m[36m (1.2ms)[0m  [1mcommit transaction[0m
  [1m[35m (0.0ms)[0m  begin transaction
  [1m[36mSQL (0.3ms)[0m  [1mINSERT INTO "movies" ("title", "rating", "release_date", "created_at", "updated_at") VALUES (?, ?, ?, ?, ?)[0m  [["title", "2001: A Space Odyssey"], ["rating", "G"], ["release_date", "1968-04-06 00:00:00.000000"], ["created_at", "2022-10-15 20:30:07.380126"], ["updated_at", "2022-10-15 20:30:07.380126"]]
  [1m[35m (1.0ms)[0m  commit transaction
  [1m[36m (0.0ms)[0m  [1mbegin transaction[0m
  [1m[35mSQL (0.3ms)[0m  INSERT INTO "movies" ("title", "rating", "release_date", "created_at", "updated_at") VALUES (?, ?, ?, ?, ?)  [["title", "The Incredibles"], ["rating", "PG"], ["release_date", "2004-11-05 00:00:00.000000"], ["created_at", "2022-10-15 20:30:07.382312"], ["updated_at", "2022-10-15 20:30:07.382312"]]
  [1m[36m (1.3ms)[0m  [1mcommit transaction[0m
  [1m[35m (0.0ms)[0m  begin transaction
  [1m[36mSQL (0.3ms)[0m  [1mINSERT INTO "movies" ("title", "rating", "release_date", "created_at", "updated_at") VALUES (?, ?, ?, ?, ?)[0m  [["title", "Raiders of the Lost Ark"], ["rating", "PG"], ["release_date", "1981-06-12 00:00:00.000000"], ["created_at", "2022-10-15 20:30:07.384971"], ["updated_at", "2022-10-15 20:30:07.384971"]]
  [1m[35m (1.2ms)[0m  commit transaction
  [1m[36m (0.0ms)[0m  [1mbegin transaction[0m
  [1m[35mSQL (0.2ms)[0m  INSERT INTO "movies" ("title", "rating", "release_date", "created_at", "updated_at") VALUES (?, ?, ?, ?, ?)  [["title", "Chicken Run"], ["rating", "G"], ["release_date", "2000-06-21 00:00:00.000000"], ["created_at", "2022-10-15 20:30:07.387245"], ["updated_at", "2022-10-15 20:30:07.387245"]]
  [1m[36m (0.8ms)[0m  [1mcommit transaction[0m
  [1m[36mActiveRecord::SchemaMigration Load (0.6ms)[0m  [1mSELECT "schema_migrations".* FROM "schema_migrations"[0m
Migrating to AddDirectorToMovies (20221015203545)
  [1m[35m (0.1ms)[0m  begin transaction
  [1m[36m (0.6ms)[0m  [1mALTER TABLE "movies" ADD "director" varchar[0m
  [1m[35mSQL (0.1ms)[0m  INSERT INTO "schema_migrations" ("version") VALUES (?)  [["version", "20221015203545"]]
  [1m[36m (0.6ms)[0m  [1mcommit transaction[0m
  [1m[35mActiveRecord::SchemaMigration Load (0.1ms)[0m  SELECT "schema_migrations".* FROM "schema_migrations"
  [1m[36m (1.5ms)[0m  [1mCREATE TABLE "movies" ("id" INTEGER PRIMARY KEY AUTOINCREMENT NOT NULL, "title" varchar, "rating" varchar, "description" text, "release_date" datetime, "created_at" datetime, "updated_at" datetime, "director" varchar) [0m
  [1m[35m (1.3ms)[0m  CREATE TABLE "schema_migrations" ("version" varchar NOT NULL) 
  [1m[36m (0.1ms)[0m  [1mselect sqlite_version(*)[0m
  [1m[35m (1.3ms)[0m  CREATE UNIQUE INDEX "unique_schema_migrations" ON "schema_migrations" ("version")
  [1m[36m (0.1ms)[0m  [1mSELECT version FROM "schema_migrations"[0m
  [1m[35m (1.3ms)[0m  INSERT INTO "schema_migrations" (version) VALUES ('20221015203545')
  [1m[36m (1.4ms)[0m  [1mINSERT INTO "schema_migrations" (version) VALUES ('20111119180638')[0m
  [1m[36mMovie Load (3.1ms)[0m  [1mSELECT "movies".* FROM "movies"[0m


Started GET "/" for ::1 at 2022-10-15 21:21:26 -0400


Started GET "/movies" for ::1 at 2022-10-15 21:21:26 -0400
Processing by MoviesController#index as HTML
  [1m[36mMovie Load (2.4ms)[0m  [1mSELECT "movies".* FROM "movies"[0m
  Rendered movies/index.html.erb within layouts/application (14.8ms)
  Rendered layouts/_flash.erb (0.4ms)
Completed 200 OK in 431ms (Views: 401.3ms | ActiveRecord: 2.8ms)


Started GET "/assets/application.self-e80e8f2318043e8af94dddc2adad5a4f09739a8ebb323b3ab31cd71d45fd9113.css?body=1" for ::1 at 2022-10-15 21:21:27 -0400


Started GET "/assets/jquery_ujs.self-e87806d0cf4489aeb1bb7288016024e8de67fd18db693fe026fe3907581e53cd.js?body=1" for ::1 at 2022-10-15 21:21:27 -0400


Started GET "/assets/jquery.self-660adc51e0224b731d29f575a6f1ec167ba08ad06ed5deca4f1e8654c135bf4c.js?body=1" for ::1 at 2022-10-15 21:21:27 -0400


Started GET "/assets/application.self-377610cd7c1509e934744c810e3b4cf672dfbcacac3274e7d039827e2ae0fcc7.js?body=1" for ::1 at 2022-10-15 21:21:27 -0400


Started GET "/movies/2" for ::1 at 2022-10-15 21:21:29 -0400
Processing by MoviesController#show as HTML
  Parameters: {"id"=>"2"}
  [1m[35mMovie Load (0.2ms)[0m  SELECT  "movies".* FROM "movies" WHERE "movies"."id" = ? LIMIT 1  [["id", 2]]
  Rendered movies/show.html.erb within layouts/application (0.7ms)
  Rendered layouts/_flash.erb (0.1ms)
Completed 200 OK in 14ms (Views: 7.2ms | ActiveRecord: 0.2ms)


Started GET "/movies/3" for ::1 at 2022-10-15 21:21:47 -0400
Processing by MoviesController#show as HTML
  Parameters: {"id"=>"3"}
  [1m[36mMovie Load (0.1ms)[0m  [1mSELECT  "movies".* FROM "movies" WHERE "movies"."id" = ? LIMIT 1[0m  [["id", 3]]
  Rendered movies/show.html.erb within layouts/application (0.4ms)
  Rendered layouts/_flash.erb (0.0ms)
Completed 200 OK in 7ms (Views: 6.5ms | ActiveRecord: 0.1ms)


Started GET "/movies/8" for ::1 at 2022-10-15 21:21:58 -0400
Processing by MoviesController#show as HTML
  Parameters: {"id"=>"8"}
  [1m[35mMovie Load (0.1ms)[0m  SELECT  "movies".* FROM "movies" WHERE "movies"."id" = ? LIMIT 1  [["id", 8]]
  Rendered movies/show.html.erb within layouts/application (0.5ms)
  Rendered layouts/_flash.erb (0.1ms)
Completed 200 OK in 7ms (Views: 6.5ms | ActiveRecord: 0.1ms)


Started GET "/movies/1" for ::1 at 2022-10-15 21:22:00 -0400
Processing by MoviesController#show as HTML
  Parameters: {"id"=>"1"}
  [1m[36mMovie Load (0.1ms)[0m  [1mSELECT  "movies".* FROM "movies" WHERE "movies"."id" = ? LIMIT 1[0m  [["id", 1]]
  Rendered movies/show.html.erb within layouts/application (0.5ms)
  Rendered layouts/_flash.erb (0.1ms)
Completed 200 OK in 9ms (Views: 8.1ms | ActiveRecord: 0.1ms)


Started GET "/movies/5" for ::1 at 2022-10-15 21:22:10 -0400
Processing by MoviesController#show as HTML
  Parameters: {"id"=>"5"}
  [1m[35mMovie Load (0.1ms)[0m  SELECT  "movies".* FROM "movies" WHERE "movies"."id" = ? LIMIT 1  [["id", 5]]
  Rendered movies/show.html.erb within layouts/application (0.8ms)
  Rendered layouts/_flash.erb (0.1ms)
Completed 200 OK in 11ms (Views: 9.9ms | ActiveRecord: 0.1ms)


Started GET "/" for ::1 at 2022-10-15 21:30:51 -0400


Started GET "/movies" for ::1 at 2022-10-15 21:30:51 -0400
Processing by MoviesController#index as HTML
  [1m[36mMovie Load (2.2ms)[0m  [1mSELECT "movies".* FROM "movies"[0m
  Rendered movies/index.html.erb within layouts/application (14.2ms)
  Rendered layouts/_flash.erb (0.6ms)
Completed 200 OK in 228ms (Views: 202.0ms | ActiveRecord: 2.6ms)


Started GET "/movies/2" for ::1 at 2022-10-15 21:30:53 -0400
Processing by MoviesController#show as HTML
  Parameters: {"id"=>"2"}
  [1m[35mMovie Load (0.2ms)[0m  SELECT  "movies".* FROM "movies" WHERE "movies"."id" = ? LIMIT 1  [["id", 2]]
  Rendered movies/show.html.erb within layouts/application (1.2ms)
  Rendered layouts/_flash.erb (0.1ms)
Completed 200 OK in 40ms (Views: 33.3ms | ActiveRecord: 0.2ms)


Started GET "/movies/2/edit" for ::1 at 2022-10-15 21:30:55 -0400
Processing by MoviesController#edit as HTML
  Parameters: {"id"=>"2"}
  [1m[36mMovie Load (0.1ms)[0m  [1mSELECT  "movies".* FROM "movies" WHERE "movies"."id" = ? LIMIT 1[0m  [["id", 2]]
  Rendered movies/edit.html.erb within layouts/application (21.5ms)
  Rendered layouts/_flash.erb (0.0ms)
Completed 200 OK in 29ms (Views: 27.9ms | ActiveRecord: 0.1ms)


Started GET "/movies" for ::1 at 2022-10-15 21:31:02 -0400
Processing by MoviesController#index as HTML
  [1m[35mMovie Load (0.2ms)[0m  SELECT "movies".* FROM "movies"
  Rendered movies/index.html.erb within layouts/application (1.4ms)
  Rendered layouts/_flash.erb (0.1ms)
Completed 200 OK in 9ms (Views: 9.0ms | ActiveRecord: 0.2ms)


Started GET "/movies/new" for ::1 at 2022-10-15 21:31:03 -0400
Processing by MoviesController#new as HTML
  Rendered movies/new.html.erb within layouts/application (2.5ms)
  Rendered layouts/_flash.erb (0.1ms)
Completed 200 OK in 11ms (Views: 10.3ms | ActiveRecord: 0.0ms)


Started POST "/movies" for ::1 at 2022-10-15 21:31:05 -0400
Processing by MoviesController#create as HTML
  Parameters: {"utf8"=>"✓", "authenticity_token"=>"qkibrGwvo5kH2A69vId1jau4su4CptEKw3r9sA9XPOaY9Pj3FuM5nHes2PAUGot/pjEMBrHIwpqNDI5aXyrGWQ==", "movie"=>{"title"=>"lele", "rating"=>"G", "release_date(1i)"=>"2022", "release_date(2i)"=>"10", "release_date(3i)"=>"16"}, "commit"=>"Save Changes"}
  [1m[36m (0.1ms)[0m  [1mbegin transaction[0m
  [1m[35mSQL (1.0ms)[0m  INSERT INTO "movies" ("title", "rating", "release_date", "created_at", "updated_at") VALUES (?, ?, ?, ?, ?)  [["title", "lele"], ["rating", "G"], ["release_date", "2022-10-16 00:00:00.000000"], ["created_at", "2022-10-16 01:31:05.928437"], ["updated_at", "2022-10-16 01:31:05.928437"]]
  [1m[36m (0.7ms)[0m  [1mcommit transaction[0m
Redirected to http://localhost:3000/movies
Completed 302 Found in 5ms (ActiveRecord: 1.8ms)


Started GET "/movies" for ::1 at 2022-10-15 21:31:05 -0400
Processing by MoviesController#index as HTML
  [1m[35mMovie Load (0.2ms)[0m  SELECT "movies".* FROM "movies"
  Rendered movies/index.html.erb within layouts/application (1.2ms)
  Rendered layouts/_flash.erb (0.1ms)
Completed 200 OK in 9ms (Views: 9.0ms | ActiveRecord: 0.2ms)


Started GET "/movies/11" for ::1 at 2022-10-15 21:31:08 -0400
Processing by MoviesController#show as HTML
  Parameters: {"id"=>"11"}
  [1m[36mMovie Load (0.1ms)[0m  [1mSELECT  "movies".* FROM "movies" WHERE "movies"."id" = ? LIMIT 1[0m  [["id", 11]]
  Rendered movies/show.html.erb within layouts/application (0.4ms)
  Rendered layouts/_flash.erb (0.0ms)
Completed 200 OK in 8ms (Views: 6.8ms | ActiveRecord: 0.1ms)


Started GET "/movies/11/edit" for ::1 at 2022-10-15 21:31:09 -0400
Processing by MoviesController#edit as HTML
  Parameters: {"id"=>"11"}
  [1m[35mMovie Load (0.1ms)[0m  SELECT  "movies".* FROM "movies" WHERE "movies"."id" = ? LIMIT 1  [["id", 11]]
  Rendered movies/edit.html.erb within layouts/application (1.9ms)
  Rendered layouts/_flash.erb (0.1ms)
Completed 200 OK in 9ms (Views: 8.1ms | ActiveRecord: 0.1ms)


Started PUT "/movies/11" for ::1 at 2022-10-15 21:31:12 -0400
Processing by MoviesController#update as HTML
  Parameters: {"utf8"=>"✓", "authenticity_token"=>"d2nupa8D3TqlDXIiWKzwMbg3vbwwrqPXs3w8qRczuk9F1Y3+1c9HP9V5pG/wMQ7Dtb4DVIPAsEf9Ck9DR05A8A==", "movie"=>{"title"=>"lele", "director"=>"lelor", "rating"=>"G", "release_date(1i)"=>"2022", "release_date(2i)"=>"10", "release_date(3i)"=>"16"}, "commit"=>"Update Movie Info", "id"=>"11"}
  [1m[36mMovie Load (0.1ms)[0m  [1mSELECT  "movies".* FROM "movies" WHERE "movies"."id" = ? LIMIT 1[0m  [["id", 11]]
  [1m[35m (0.1ms)[0m  begin transaction
  [1m[36mSQL (0.4ms)[0m  [1mUPDATE "movies" SET "director" = ?, "updated_at" = ? WHERE "movies"."id" = ?[0m  [["director", "lelor"], ["updated_at", "2022-10-16 01:31:12.348655"], ["id", 11]]
  [1m[35m (0.7ms)[0m  commit transaction
Redirected to http://localhost:3000/movies/11
Completed 302 Found in 4ms (ActiveRecord: 1.3ms)


Started GET "/movies/11" for ::1 at 2022-10-15 21:31:12 -0400
Processing by MoviesController#show as HTML
  Parameters: {"id"=>"11"}
  [1m[36mMovie Load (0.1ms)[0m  [1mSELECT  "movies".* FROM "movies" WHERE "movies"."id" = ? LIMIT 1[0m  [["id", 11]]
  Rendered movies/show.html.erb within layouts/application (0.5ms)
  Rendered layouts/_flash.erb (0.1ms)
Completed 200 OK in 7ms (Views: 6.2ms | ActiveRecord: 0.1ms)


Started GET "/movies/11/edit" for ::1 at 2022-10-15 21:31:21 -0400
Processing by MoviesController#edit as HTML
  Parameters: {"id"=>"11"}
  [1m[35mMovie Load (0.3ms)[0m  SELECT  "movies".* FROM "movies" WHERE "movies"."id" = ? LIMIT 1  [["id", 11]]
  Rendered movies/edit.html.erb within layouts/application (1.9ms)
  Rendered layouts/_flash.erb (0.1ms)
Completed 200 OK in 9ms (Views: 8.3ms | ActiveRecord: 0.3ms)


Started GET "/movies" for ::1 at 2022-10-15 21:31:24 -0400
Processing by MoviesController#index as HTML
  [1m[36mMovie Load (0.2ms)[0m  [1mSELECT "movies".* FROM "movies"[0m
  Rendered movies/index.html.erb within layouts/application (1.8ms)
  Rendered layouts/_flash.erb (0.1ms)
Completed 200 OK in 9ms (Views: 8.9ms | ActiveRecord: 0.2ms)


Started GET "/movies/new" for ::1 at 2022-10-15 21:31:25 -0400
Processing by MoviesController#new as HTML
  Rendered movies/new.html.erb within layouts/application (1.4ms)
  Rendered layouts/_flash.erb (0.1ms)
Completed 200 OK in 7ms (Views: 7.0ms | ActiveRecord: 0.0ms)


Started POST "/movies" for ::1 at 2022-10-15 21:31:27 -0400
Processing by MoviesController#create as HTML
  Parameters: {"utf8"=>"✓", "authenticity_token"=>"i5CAmi8C9Jtd/EeYLJsUgni26az5KyOD5DK9s766zsK5LOPBVc5uni2IkdWEBupwdT9XREpFMBOqRM5Z7sc0fQ==", "movie"=>{"title"=>"joko", "rating"=>"G", "release_date(1i)"=>"2022", "release_date(2i)"=>"10", "release_date(3i)"=>"16"}, "commit"=>"Save Changes"}
  [1m[35m (0.1ms)[0m  begin transaction
  [1m[36mSQL (0.4ms)[0m  [1mINSERT INTO "movies" ("title", "rating", "release_date", "created_at", "updated_at") VALUES (?, ?, ?, ?, ?)[0m  [["title", "joko"], ["rating", "G"], ["release_date", "2022-10-16 00:00:00.000000"], ["created_at", "2022-10-16 01:31:27.869112"], ["updated_at", "2022-10-16 01:31:27.869112"]]
  [1m[35m (1.0ms)[0m  commit transaction
Redirected to http://localhost:3000/movies
Completed 302 Found in 4ms (ActiveRecord: 1.5ms)


Started GET "/movies" for ::1 at 2022-10-15 21:31:27 -0400
Processing by MoviesController#index as HTML
  [1m[36mMovie Load (0.2ms)[0m  [1mSELECT "movies".* FROM "movies"[0m
  Rendered movies/index.html.erb within layouts/application (1.5ms)
  Rendered layouts/_flash.erb (0.1ms)
Completed 200 OK in 8ms (Views: 7.3ms | ActiveRecord: 0.2ms)


Started GET "/movies" for ::1 at 2022-10-15 21:35:26 -0400
Processing by MoviesController#index as HTML
  [1m[36mMovie Load (1.6ms)[0m  [1mSELECT "movies".* FROM "movies"[0m
  Rendered movies/index.html.erb within layouts/application (11.7ms)
  Rendered layouts/_flash.erb (1.0ms)
Completed 200 OK in 235ms (Views: 212.6ms | ActiveRecord: 1.8ms)


Started GET "/movies/11" for ::1 at 2022-10-15 21:35:30 -0400
Processing by MoviesController#show as HTML
  Parameters: {"id"=>"11"}
  [1m[35mMovie Load (0.2ms)[0m  SELECT  "movies".* FROM "movies" WHERE "movies"."id" = ? LIMIT 1  [["id", 11]]
  Rendered movies/show.html.erb within layouts/application (19.3ms)
Completed 500 Internal Server Error in 28ms (ActiveRecord: 0.2ms)

ActionView::Template::Error (undefined method `find_with_same_director' for #<#<Class:0x00007f80672160a8>:0x00007f8067417cd0>):
    20: <div class="row">
    21:   <%= link_to 'Edit', edit_movie_path(@movie), :class => 'btn btn-primary col-2' %>
    22:   <%= link_to 'Delete', movie_path(@movie), 'data-method' => 'delete', 'data-confirm' => 'Are you sure?', :class => 'btn btn-danger col-2' %>
    23:   <%= link_to 'Find Movies With Same Director', find_with_same_director(@movie), :class => 'btn btn-danger col-2'%>
    24:   <%= link_to 'Back to movie list', movies_path, :class => 'btn btn-primary col-2' %>
    25: </div>
  app/views/movies/show.html.erb:23:in `_app_views_movies_show_html_erb___126236650331503531_70094732441080'


  Rendered /Users/yigit/.rbenv/versions/2.6.6/lib/ruby/gems/2.6.0/gems/actionpack-4.2.10/lib/action_dispatch/middleware/templates/rescues/_source.erb (2.8ms)
  Rendered /Users/yigit/.rbenv/versions/2.6.6/lib/ruby/gems/2.6.0/gems/actionpack-4.2.10/lib/action_dispatch/middleware/templates/rescues/_trace.html.erb (2.3ms)
  Rendered /Users/yigit/.rbenv/versions/2.6.6/lib/ruby/gems/2.6.0/gems/actionpack-4.2.10/lib/action_dispatch/middleware/templates/rescues/_request_and_response.html.erb (1.0ms)
  Rendered /Users/yigit/.rbenv/versions/2.6.6/lib/ruby/gems/2.6.0/gems/actionpack-4.2.10/lib/action_dispatch/middleware/templates/rescues/template_error.html.erb within rescues/layout (17.4ms)


Started GET "/" for ::1 at 2022-10-15 22:24:27 -0400


Started GET "/movies" for ::1 at 2022-10-15 22:24:27 -0400
Processing by MoviesController#index as HTML
  [1m[36mMovie Load (2.2ms)[0m  [1mSELECT "movies".* FROM "movies"[0m
  Rendered movies/index.html.erb within layouts/application (14.2ms)
  Rendered layouts/_flash.erb (0.6ms)
Completed 200 OK in 222ms (Views: 198.2ms | ActiveRecord: 2.6ms)


Started GET "/movies/1" for ::1 at 2022-10-15 22:24:29 -0400
Processing by MoviesController#show as HTML
  Parameters: {"id"=>"1"}
  [1m[35mMovie Load (0.2ms)[0m  SELECT  "movies".* FROM "movies" WHERE "movies"."id" = ? LIMIT 1  [["id", 1]]
  Rendered movies/show.html.erb within layouts/application (21.4ms)
Completed 500 Internal Server Error in 31ms (ActiveRecord: 0.2ms)

ActionView::Template::Error (undefined method `find_with_same_director' for #<#<Class:0x00007fc512cef6b0>:0x00007fc51b941aa0>
Did you mean?  find_with_same_director_url
               find_with_same_director_path):
    20: <div class="row">
    21:   <%= link_to 'Edit', edit_movie_path(@movie), :class => 'btn btn-primary col-2' %>
    22:   <%= link_to 'Delete', movie_path(@movie), 'data-method' => 'delete', 'data-confirm' => 'Are you sure?', :class => 'btn btn-danger col-2' %>
    23:   <%= link_to 'Find Movies With Same Director', find_with_same_director(@movie), :class => 'btn btn-danger col-2'%>
    24:   <%= link_to 'Back to movie list', movies_path, :class => 'btn btn-primary col-2' %>
    25: </div>
  app/views/movies/show.html.erb:23:in `_app_views_movies_show_html_erb__4503300299306946383_70242273985760'


  Rendered /Users/yigit/.rbenv/versions/2.6.6/lib/ruby/gems/2.6.0/gems/actionpack-4.2.10/lib/action_dispatch/middleware/templates/rescues/_source.erb (3.5ms)
  Rendered /Users/yigit/.rbenv/versions/2.6.6/lib/ruby/gems/2.6.0/gems/actionpack-4.2.10/lib/action_dispatch/middleware/templates/rescues/_trace.html.erb (1.3ms)
  Rendered /Users/yigit/.rbenv/versions/2.6.6/lib/ruby/gems/2.6.0/gems/actionpack-4.2.10/lib/action_dispatch/middleware/templates/rescues/_request_and_response.html.erb (1.6ms)
  Rendered /Users/yigit/.rbenv/versions/2.6.6/lib/ruby/gems/2.6.0/gems/actionpack-4.2.10/lib/action_dispatch/middleware/templates/rescues/template_error.html.erb within rescues/layout (25.4ms)


Started GET "/movies/2" for ::1 at 2022-10-15 22:25:50 -0400
Processing by MoviesController#show as HTML
  Parameters: {"id"=>"2"}
  [1m[36mMovie Load (0.2ms)[0m  [1mSELECT  "movies".* FROM "movies" WHERE "movies"."id" = ? LIMIT 1[0m  [["id", 2]]
  Rendered movies/show.html.erb within layouts/application (16.4ms)
Completed 500 Internal Server Error in 19ms (ActiveRecord: 0.2ms)

ActionView::Template::Error (undefined method `find_with_same_director' for #<#<Class:0x00007fc512cef6b0>:0x00007fc51a01b710>
Did you mean?  find_with_same_director_url
               find_with_same_director_path):
    20: <div class="row">
    21:   <%= link_to 'Edit', edit_movie_path(@movie), :class => 'btn btn-primary col-2' %>
    22:   <%= link_to 'Delete', movie_path(@movie), 'data-method' => 'delete', 'data-confirm' => 'Are you sure?', :class => 'btn btn-danger col-2' %>
    23:   <%= link_to 'Find Movies With Same Director', find_with_same_director(), :class => 'btn btn-danger col-2'%>
    24:   <%= link_to 'Back to movie list', movies_path, :class => 'btn btn-primary col-2' %>
    25: </div>
  app/views/movies/show.html.erb:23:in `_app_views_movies_show_html_erb__4503300299306946383_70242261015020'


  Rendered /Users/yigit/.rbenv/versions/2.6.6/lib/ruby/gems/2.6.0/gems/actionpack-4.2.10/lib/action_dispatch/middleware/templates/rescues/_source.erb (3.1ms)
  Rendered /Users/yigit/.rbenv/versions/2.6.6/lib/ruby/gems/2.6.0/gems/actionpack-4.2.10/lib/action_dispatch/middleware/templates/rescues/_trace.html.erb (1.5ms)
  Rendered /Users/yigit/.rbenv/versions/2.6.6/lib/ruby/gems/2.6.0/gems/actionpack-4.2.10/lib/action_dispatch/middleware/templates/rescues/_request_and_response.html.erb (0.7ms)
  Rendered /Users/yigit/.rbenv/versions/2.6.6/lib/ruby/gems/2.6.0/gems/actionpack-4.2.10/lib/action_dispatch/middleware/templates/rescues/template_error.html.erb within rescues/layout (13.3ms)


Started GET "/movies/new" for ::1 at 2022-10-15 22:25:54 -0400
Processing by MoviesController#new as HTML
  Rendered movies/new.html.erb within layouts/application (21.3ms)
  Rendered layouts/_flash.erb (0.1ms)
Completed 200 OK in 34ms (Views: 33.5ms | ActiveRecord: 0.0ms)


Started GET "/movies" for ::1 at 2022-10-15 22:26:06 -0400
Processing by MoviesController#index as HTML
  [1m[35mMovie Load (0.2ms)[0m  SELECT "movies".* FROM "movies"
  Rendered movies/index.html.erb within layouts/application (2.0ms)
  Rendered layouts/_flash.erb (0.1ms)
Completed 200 OK in 16ms (Views: 15.1ms | ActiveRecord: 0.2ms)


Started GET "/assets/jquery.self-660adc51e0224b731d29f575a6f1ec167ba08ad06ed5deca4f1e8654c135bf4c.js?body=1" for ::1 at 2022-10-15 22:26:06 -0400


Started GET "/assets/application.self-e80e8f2318043e8af94dddc2adad5a4f09739a8ebb323b3ab31cd71d45fd9113.css?body=1" for ::1 at 2022-10-15 22:26:06 -0400


Started GET "/assets/application.self-377610cd7c1509e934744c810e3b4cf672dfbcacac3274e7d039827e2ae0fcc7.js?body=1" for ::1 at 2022-10-15 22:26:06 -0400


Started GET "/assets/jquery_ujs.self-e87806d0cf4489aeb1bb7288016024e8de67fd18db693fe026fe3907581e53cd.js?body=1" for ::1 at 2022-10-15 22:26:06 -0400


Started GET "/movies/1" for ::1 at 2022-10-15 22:26:07 -0400
Processing by MoviesController#show as HTML
  Parameters: {"id"=>"1"}
  [1m[36mMovie Load (0.1ms)[0m  [1mSELECT  "movies".* FROM "movies" WHERE "movies"."id" = ? LIMIT 1[0m  [["id", 1]]
  Rendered movies/show.html.erb within layouts/application (1.1ms)
  Rendered layouts/_flash.erb (0.1ms)
Completed 200 OK in 11ms (Views: 10.7ms | ActiveRecord: 0.1ms)


Started GET "/movies/1/edit" for ::1 at 2022-10-15 22:26:09 -0400
Processing by MoviesController#edit as HTML
  Parameters: {"id"=>"1"}
  [1m[35mMovie Load (0.1ms)[0m  SELECT  "movies".* FROM "movies" WHERE "movies"."id" = ? LIMIT 1  [["id", 1]]
  Rendered movies/edit.html.erb within layouts/application (6.6ms)
  Rendered layouts/_flash.erb (0.1ms)
Completed 200 OK in 19ms (Views: 18.8ms | ActiveRecord: 0.1ms)


Started GET "/movies/1/edit" for ::1 at 2022-10-15 22:26:38 -0400
Processing by MoviesController#edit as HTML
  Parameters: {"id"=>"1"}
  [1m[36mMovie Load (0.2ms)[0m  [1mSELECT  "movies".* FROM "movies" WHERE "movies"."id" = ? LIMIT 1[0m  [["id", 1]]
  Rendered movies/edit.html.erb within layouts/application (2.3ms)
  Rendered layouts/_flash.erb (0.1ms)
Completed 200 OK in 12ms (Views: 10.7ms | ActiveRecord: 0.2ms)


Started GET "/assets/application.self-e80e8f2318043e8af94dddc2adad5a4f09739a8ebb323b3ab31cd71d45fd9113.css?body=1" for ::1 at 2022-10-15 22:26:38 -0400


Started GET "/assets/jquery.self-660adc51e0224b731d29f575a6f1ec167ba08ad06ed5deca4f1e8654c135bf4c.js?body=1" for ::1 at 2022-10-15 22:26:38 -0400


Started GET "/assets/jquery_ujs.self-e87806d0cf4489aeb1bb7288016024e8de67fd18db693fe026fe3907581e53cd.js?body=1" for ::1 at 2022-10-15 22:26:38 -0400


Started GET "/assets/application.self-377610cd7c1509e934744c810e3b4cf672dfbcacac3274e7d039827e2ae0fcc7.js?body=1" for ::1 at 2022-10-15 22:26:38 -0400


Started GET "/" for ::1 at 2022-10-15 22:26:41 -0400


Started GET "/movies" for ::1 at 2022-10-15 22:26:41 -0400
Processing by MoviesController#index as HTML
  [1m[35mMovie Load (0.3ms)[0m  SELECT "movies".* FROM "movies"
  Rendered movies/index.html.erb within layouts/application (1.7ms)
  Rendered layouts/_flash.erb (0.1ms)
Completed 200 OK in 10ms (Views: 9.5ms | ActiveRecord: 0.3ms)


Started GET "/movies" for ::1 at 2022-10-15 22:26:44 -0400
Processing by MoviesController#index as HTML
  [1m[36mMovie Load (0.3ms)[0m  [1mSELECT "movies".* FROM "movies"[0m
  Rendered movies/index.html.erb within layouts/application (2.2ms)
  Rendered layouts/_flash.erb (0.1ms)
Completed 200 OK in 11ms (Views: 10.2ms | ActiveRecord: 0.3ms)


Started GET "/assets/application.self-e80e8f2318043e8af94dddc2adad5a4f09739a8ebb323b3ab31cd71d45fd9113.css?body=1" for ::1 at 2022-10-15 22:26:44 -0400


Started GET "/assets/application.self-377610cd7c1509e934744c810e3b4cf672dfbcacac3274e7d039827e2ae0fcc7.js?body=1" for ::1 at 2022-10-15 22:26:44 -0400


Started GET "/assets/jquery.self-660adc51e0224b731d29f575a6f1ec167ba08ad06ed5deca4f1e8654c135bf4c.js?body=1" for ::1 at 2022-10-15 22:26:44 -0400


Started GET "/assets/jquery_ujs.self-e87806d0cf4489aeb1bb7288016024e8de67fd18db693fe026fe3907581e53cd.js?body=1" for ::1 at 2022-10-15 22:26:44 -0400


Started GET "/movies/1" for ::1 at 2022-10-15 22:26:45 -0400
Processing by MoviesController#show as HTML
  Parameters: {"id"=>"1"}
  [1m[35mMovie Load (0.1ms)[0m  SELECT  "movies".* FROM "movies" WHERE "movies"."id" = ? LIMIT 1  [["id", 1]]
  Rendered movies/show.html.erb within layouts/application (18.9ms)
Completed 500 Internal Server Error in 21ms (ActiveRecord: 0.1ms)

ActionView::Template::Error (undefined method `find_with_same_director' for #<#<Class:0x00007fc512cef6b0>:0x00007fc5190dcba0>
Did you mean?  find_with_same_director_url
               find_with_same_director_path):
    20: <div class="row">
    21:   <%= link_to 'Edit', edit_movie_path(@movie), :class => 'btn btn-primary col-2' %>
    22:   <%= link_to 'Delete', movie_path(@movie), 'data-method' => 'delete', 'data-confirm' => 'Are you sure?', :class => 'btn btn-danger col-2' %>
    23:   <%= link_to 'Find Movies With Same Director', find_with_same_director(), :class => 'btn btn-danger col-2'%>
    24:   <%= link_to 'Back to movie list', movies_path, :class => 'btn btn-primary col-2' %>
    25: </div>
  app/views/movies/show.html.erb:23:in `_app_views_movies_show_html_erb__4503300299306946383_70242282823040'


  Rendered /Users/yigit/.rbenv/versions/2.6.6/lib/ruby/gems/2.6.0/gems/actionpack-4.2.10/lib/action_dispatch/middleware/templates/rescues/_source.erb (2.9ms)
  Rendered /Users/yigit/.rbenv/versions/2.6.6/lib/ruby/gems/2.6.0/gems/actionpack-4.2.10/lib/action_dispatch/middleware/templates/rescues/_trace.html.erb (1.3ms)
  Rendered /Users/yigit/.rbenv/versions/2.6.6/lib/ruby/gems/2.6.0/gems/actionpack-4.2.10/lib/action_dispatch/middleware/templates/rescues/_request_and_response.html.erb (0.8ms)
  Rendered /Users/yigit/.rbenv/versions/2.6.6/lib/ruby/gems/2.6.0/gems/actionpack-4.2.10/lib/action_dispatch/middleware/templates/rescues/template_error.html.erb within rescues/layout (13.3ms)


Started GET "/movies" for ::1 at 2022-10-15 22:27:04 -0400
Processing by MoviesController#index as HTML
  [1m[36mMovie Load (0.2ms)[0m  [1mSELECT "movies".* FROM "movies"[0m
  Rendered movies/index.html.erb within layouts/application (2.5ms)
  Rendered layouts/_flash.erb (0.0ms)
Completed 200 OK in 10ms (Views: 9.6ms | ActiveRecord: 0.2ms)


Started GET "/assets/application.self-e80e8f2318043e8af94dddc2adad5a4f09739a8ebb323b3ab31cd71d45fd9113.css?body=1" for ::1 at 2022-10-15 22:27:04 -0400


Started GET "/assets/application.self-377610cd7c1509e934744c810e3b4cf672dfbcacac3274e7d039827e2ae0fcc7.js?body=1" for ::1 at 2022-10-15 22:27:04 -0400


Started GET "/assets/jquery.self-660adc51e0224b731d29f575a6f1ec167ba08ad06ed5deca4f1e8654c135bf4c.js?body=1" for ::1 at 2022-10-15 22:27:04 -0400


Started GET "/assets/jquery_ujs.self-e87806d0cf4489aeb1bb7288016024e8de67fd18db693fe026fe3907581e53cd.js?body=1" for ::1 at 2022-10-15 22:27:04 -0400


Started GET "/movies/1" for ::1 at 2022-10-15 22:27:05 -0400
Processing by MoviesController#show as HTML
  Parameters: {"id"=>"1"}
  [1m[35mMovie Load (0.1ms)[0m  SELECT  "movies".* FROM "movies" WHERE "movies"."id" = ? LIMIT 1  [["id", 1]]
  Rendered movies/show.html.erb within layouts/application (19.5ms)
Completed 500 Internal Server Error in 21ms (ActiveRecord: 0.1ms)

ActionView::Template::Error (undefined method `find_with_same_director' for #<#<Class:0x00007fc512cef6b0>:0x00007fc51d07e3f8>
Did you mean?  find_with_same_director_url
               find_with_same_director_path):
    20: <div class="row">
    21:   <%= link_to 'Edit', edit_movie_path(@movie), :class => 'btn btn-primary col-2' %>
    22:   <%= link_to 'Delete', movie_path(@movie), 'data-method' => 'delete', 'data-confirm' => 'Are you sure?', :class => 'btn btn-danger col-2' %>
    23:   <%= link_to 'Find Movies With Same Director', find_with_same_director(@movie), :class => 'btn btn-danger col-2'%>
    24:   <%= link_to 'Back to movie list', movies_path, :class => 'btn btn-primary col-2' %>
    25: </div>
  app/views/movies/show.html.erb:23:in `_app_views_movies_show_html_erb__4503300299306946383_70242286168060'


  Rendered /Users/yigit/.rbenv/versions/2.6.6/lib/ruby/gems/2.6.0/gems/actionpack-4.2.10/lib/action_dispatch/middleware/templates/rescues/_source.erb (5.8ms)
  Rendered /Users/yigit/.rbenv/versions/2.6.6/lib/ruby/gems/2.6.0/gems/actionpack-4.2.10/lib/action_dispatch/middleware/templates/rescues/_trace.html.erb (3.1ms)
  Rendered /Users/yigit/.rbenv/versions/2.6.6/lib/ruby/gems/2.6.0/gems/actionpack-4.2.10/lib/action_dispatch/middleware/templates/rescues/_request_and_response.html.erb (1.1ms)
  Rendered /Users/yigit/.rbenv/versions/2.6.6/lib/ruby/gems/2.6.0/gems/actionpack-4.2.10/lib/action_dispatch/middleware/templates/rescues/template_error.html.erb within rescues/layout (17.4ms)


Started GET "/movies" for ::1 at 2022-10-15 22:27:13 -0400
Processing by MoviesController#index as HTML
  [1m[36mMovie Load (0.2ms)[0m  [1mSELECT "movies".* FROM "movies"[0m
  Rendered movies/index.html.erb within layouts/application (2.6ms)
  Rendered layouts/_flash.erb (0.1ms)
Completed 200 OK in 12ms (Views: 11.2ms | ActiveRecord: 0.2ms)


Started GET "/assets/application.self-e80e8f2318043e8af94dddc2adad5a4f09739a8ebb323b3ab31cd71d45fd9113.css?body=1" for ::1 at 2022-10-15 22:27:13 -0400


Started GET "/assets/application.self-377610cd7c1509e934744c810e3b4cf672dfbcacac3274e7d039827e2ae0fcc7.js?body=1" for ::1 at 2022-10-15 22:27:13 -0400


Started GET "/assets/jquery_ujs.self-e87806d0cf4489aeb1bb7288016024e8de67fd18db693fe026fe3907581e53cd.js?body=1" for ::1 at 2022-10-15 22:27:13 -0400


Started GET "/assets/jquery.self-660adc51e0224b731d29f575a6f1ec167ba08ad06ed5deca4f1e8654c135bf4c.js?body=1" for ::1 at 2022-10-15 22:27:13 -0400


Started GET "/movies/1" for ::1 at 2022-10-15 22:27:14 -0400
Processing by MoviesController#show as HTML
  Parameters: {"id"=>"1"}
  [1m[35mMovie Load (0.1ms)[0m  SELECT  "movies".* FROM "movies" WHERE "movies"."id" = ? LIMIT 1  [["id", 1]]
  Rendered movies/show.html.erb within layouts/application (1.3ms)
  Rendered layouts/_flash.erb (0.0ms)
Completed 200 OK in 37ms (Views: 36.0ms | ActiveRecord: 0.1ms)


Started GET "/movies/find_with_same_director/1" for ::1 at 2022-10-15 22:27:16 -0400
Processing by MoviesController#find_with_same_director as HTML
  Parameters: {"id"=>"1"}
  [1m[36mMovie Load (0.2ms)[0m  [1mSELECT  "movies".* FROM "movies" WHERE "movies"."id" = ? LIMIT 1[0m  [["id", 1]]
Redirected to http://localhost:3000/movies
Completed 302 Found in 2ms (ActiveRecord: 0.2ms)


Started GET "/movies" for ::1 at 2022-10-15 22:27:16 -0400
Processing by MoviesController#index as HTML
  [1m[35mMovie Load (0.2ms)[0m  SELECT "movies".* FROM "movies"
  Rendered movies/index.html.erb within layouts/application (2.7ms)
  Rendered layouts/_flash.erb (0.1ms)
Completed 200 OK in 9ms (Views: 8.8ms | ActiveRecord: 0.2ms)


Started GET "/movies/find_with_same_director/1" for ::1 at 2022-10-15 22:27:21 -0400
Processing by MoviesController#find_with_same_director as HTML
  Parameters: {"id"=>"1"}
  [1m[36mMovie Load (0.2ms)[0m  [1mSELECT  "movies".* FROM "movies" WHERE "movies"."id" = ? LIMIT 1[0m  [["id", 1]]
Redirected to http://localhost:3000/movies
Completed 302 Found in 1ms (ActiveRecord: 0.2ms)


Started GET "/movies" for ::1 at 2022-10-15 22:27:21 -0400
Processing by MoviesController#index as HTML
  [1m[35mMovie Load (0.1ms)[0m  SELECT "movies".* FROM "movies"
  Rendered movies/index.html.erb within layouts/application (1.3ms)
  Rendered layouts/_flash.erb (0.1ms)
Completed 200 OK in 9ms (Views: 8.6ms | ActiveRecord: 0.1ms)


Started GET "/movies/find_with_same_director/1" for ::1 at 2022-10-15 22:27:25 -0400
Processing by MoviesController#find_with_same_director as HTML
  Parameters: {"id"=>"1"}
  [1m[36mMovie Load (0.1ms)[0m  [1mSELECT  "movies".* FROM "movies" WHERE "movies"."id" = ? LIMIT 1[0m  [["id", 1]]
Redirected to http://localhost:3000/movies
Completed 302 Found in 1ms (ActiveRecord: 0.1ms)


Started GET "/movies" for ::1 at 2022-10-15 22:27:25 -0400
Processing by MoviesController#index as HTML
  [1m[35mMovie Load (0.3ms)[0m  SELECT "movies".* FROM "movies"
  Rendered movies/index.html.erb within layouts/application (2.4ms)
  Rendered layouts/_flash.erb (0.1ms)
Completed 200 OK in 9ms (Views: 8.4ms | ActiveRecord: 0.3ms)


Started GET "/movies" for ::1 at 2022-10-15 22:27:52 -0400
Processing by MoviesController#index as HTML
  [1m[36mMovie Load (0.1ms)[0m  [1mSELECT "movies".* FROM "movies"[0m
  Rendered movies/index.html.erb within layouts/application (1.7ms)
  Rendered layouts/_flash.erb (0.1ms)
Completed 200 OK in 11ms (Views: 10.4ms | ActiveRecord: 0.1ms)


Started GET "/assets/application.self-e80e8f2318043e8af94dddc2adad5a4f09739a8ebb323b3ab31cd71d45fd9113.css?body=1" for ::1 at 2022-10-15 22:27:52 -0400


Started GET "/assets/jquery.self-660adc51e0224b731d29f575a6f1ec167ba08ad06ed5deca4f1e8654c135bf4c.js?body=1" for ::1 at 2022-10-15 22:27:52 -0400


Started GET "/assets/application.self-377610cd7c1509e934744c810e3b4cf672dfbcacac3274e7d039827e2ae0fcc7.js?body=1" for ::1 at 2022-10-15 22:27:52 -0400


Started GET "/assets/jquery_ujs.self-e87806d0cf4489aeb1bb7288016024e8de67fd18db693fe026fe3907581e53cd.js?body=1" for ::1 at 2022-10-15 22:27:52 -0400


Started GET "/movies/2" for ::1 at 2022-10-15 22:27:53 -0400
Processing by MoviesController#show as HTML
  Parameters: {"id"=>"2"}
  [1m[35mMovie Load (0.1ms)[0m  SELECT  "movies".* FROM "movies" WHERE "movies"."id" = ? LIMIT 1  [["id", 2]]
  Rendered movies/show.html.erb within layouts/application (1.0ms)
  Rendered layouts/_flash.erb (0.1ms)
Completed 200 OK in 9ms (Views: 8.1ms | ActiveRecord: 0.1ms)


Started GET "/movies/find_with_same_director/2" for ::1 at 2022-10-15 22:27:56 -0400
Processing by MoviesController#find_with_same_director as HTML
  Parameters: {"id"=>"2"}
  [1m[36mMovie Load (0.1ms)[0m  [1mSELECT  "movies".* FROM "movies" WHERE "movies"."id" = ? LIMIT 1[0m  [["id", 2]]
Redirected to http://localhost:3000/movies
Completed 302 Found in 1ms (ActiveRecord: 0.1ms)


Started GET "/movies" for ::1 at 2022-10-15 22:27:56 -0400
Processing by MoviesController#index as HTML
  [1m[35mMovie Load (0.1ms)[0m  SELECT "movies".* FROM "movies"
  Rendered movies/index.html.erb within layouts/application (1.4ms)
  Rendered layouts/_flash.erb (0.0ms)
Completed 200 OK in 6ms (Views: 5.8ms | ActiveRecord: 0.1ms)


Started GET "/movies" for ::1 at 2022-10-15 22:39:04 -0400
Processing by MoviesController#index as HTML
  [1m[36mMovie Load (1.7ms)[0m  [1mSELECT "movies".* FROM "movies"[0m
  Rendered movies/index.html.erb within layouts/application (14.0ms)
  Rendered layouts/_flash.erb (0.6ms)
Completed 200 OK in 252ms (Views: 227.4ms | ActiveRecord: 2.1ms)


Started GET "/assets/application.self-377610cd7c1509e934744c810e3b4cf672dfbcacac3274e7d039827e2ae0fcc7.js?body=1" for ::1 at 2022-10-15 22:39:05 -0400


Started GET "/assets/jquery_ujs.self-e87806d0cf4489aeb1bb7288016024e8de67fd18db693fe026fe3907581e53cd.js?body=1" for ::1 at 2022-10-15 22:39:05 -0400


Started GET "/assets/application.self-e80e8f2318043e8af94dddc2adad5a4f09739a8ebb323b3ab31cd71d45fd9113.css?body=1" for ::1 at 2022-10-15 22:39:05 -0400


Started GET "/assets/jquery.self-660adc51e0224b731d29f575a6f1ec167ba08ad06ed5deca4f1e8654c135bf4c.js?body=1" for ::1 at 2022-10-15 22:39:05 -0400


Started GET "/movies/1" for ::1 at 2022-10-15 22:39:06 -0400
Processing by MoviesController#show as HTML
  Parameters: {"id"=>"1"}
  [1m[35mMovie Load (0.1ms)[0m  SELECT  "movies".* FROM "movies" WHERE "movies"."id" = ? LIMIT 1  [["id", 1]]
  Rendered movies/show.html.erb within layouts/application (1.0ms)
  Rendered layouts/_flash.erb (0.1ms)
Completed 200 OK in 37ms (Views: 8.3ms | ActiveRecord: 0.1ms)


Started GET "/movies/find_with_same_director/1" for ::1 at 2022-10-15 22:39:07 -0400
Processing by MoviesController#find_with_same_director as HTML
  Parameters: {"id"=>"1"}
  [1m[36mMovie Load (0.1ms)[0m  [1mSELECT  "movies".* FROM "movies" WHERE "movies"."id" = ? LIMIT 1[0m  [["id", 1]]
Redirected to http://localhost:3000/movies
Completed 302 Found in 2ms (ActiveRecord: 0.1ms)


Started GET "/movies" for ::1 at 2022-10-15 22:39:07 -0400
Processing by MoviesController#index as HTML
  [1m[35mMovie Load (0.2ms)[0m  SELECT "movies".* FROM "movies"
  Rendered movies/index.html.erb within layouts/application (2.8ms)
  Rendered layouts/_flash.erb (0.1ms)
Completed 200 OK in 13ms (Views: 12.4ms | ActiveRecord: 0.2ms)


Started GET "/movies/11" for ::1 at 2022-10-15 22:39:11 -0400
Processing by MoviesController#show as HTML
  Parameters: {"id"=>"11"}
  [1m[36mMovie Load (0.1ms)[0m  [1mSELECT  "movies".* FROM "movies" WHERE "movies"."id" = ? LIMIT 1[0m  [["id", 11]]
  Rendered movies/show.html.erb within layouts/application (0.5ms)
  Rendered layouts/_flash.erb (0.1ms)
Completed 200 OK in 10ms (Views: 8.6ms | ActiveRecord: 0.1ms)


Started GET "/movies/11/edit" for ::1 at 2022-10-15 22:39:12 -0400
Processing by MoviesController#edit as HTML
  Parameters: {"id"=>"11"}
  [1m[35mMovie Load (0.1ms)[0m  SELECT  "movies".* FROM "movies" WHERE "movies"."id" = ? LIMIT 1  [["id", 11]]
  Rendered movies/edit.html.erb within layouts/application (20.8ms)
  Rendered layouts/_flash.erb (0.0ms)
Completed 200 OK in 27ms (Views: 26.8ms | ActiveRecord: 0.1ms)


Started GET "/movies" for ::1 at 2022-10-15 22:39:14 -0400
Processing by MoviesController#index as HTML
  [1m[36mMovie Load (0.2ms)[0m  [1mSELECT "movies".* FROM "movies"[0m
  Rendered movies/index.html.erb within layouts/application (2.0ms)
  Rendered layouts/_flash.erb (0.1ms)
Completed 200 OK in 9ms (Views: 8.8ms | ActiveRecord: 0.2ms)
  [1m[36mMovie Load (0.1ms)[0m  [1mSELECT  "movies".* FROM "movies" WHERE "movies"."id" = ? LIMIT 1[0m  [["id", 12]]
  [1m[35m (0.2ms)[0m  begin transaction
  [1m[36mSQL (0.8ms)[0m  [1mUPDATE "movies" SET "director" = ?, "updated_at" = ? WHERE "movies"."id" = ?[0m  [["director", "unal"], ["updated_at", "2022-10-16 02:40:02.454494"], ["id", 12]]
  [1m[35m (1.8ms)[0m  commit transaction


Started GET "/movies" for ::1 at 2022-10-15 22:40:15 -0400
Processing by MoviesController#index as HTML
  [1m[36mMovie Load (0.9ms)[0m  [1mSELECT "movies".* FROM "movies"[0m
  Rendered movies/index.html.erb within layouts/application (12.2ms)
  Rendered layouts/_flash.erb (0.5ms)
Completed 200 OK in 193ms (Views: 175.0ms | ActiveRecord: 1.3ms)


Started GET "/assets/jquery.self-660adc51e0224b731d29f575a6f1ec167ba08ad06ed5deca4f1e8654c135bf4c.js?body=1" for ::1 at 2022-10-15 22:40:16 -0400


Started GET "/assets/application.self-377610cd7c1509e934744c810e3b4cf672dfbcacac3274e7d039827e2ae0fcc7.js?body=1" for ::1 at 2022-10-15 22:40:16 -0400


Started GET "/assets/application.self-e80e8f2318043e8af94dddc2adad5a4f09739a8ebb323b3ab31cd71d45fd9113.css?body=1" for ::1 at 2022-10-15 22:40:16 -0400


Started GET "/assets/jquery_ujs.self-e87806d0cf4489aeb1bb7288016024e8de67fd18db693fe026fe3907581e53cd.js?body=1" for ::1 at 2022-10-15 22:40:16 -0400


Started GET "/movies/12" for ::1 at 2022-10-15 22:40:18 -0400
Processing by MoviesController#show as HTML
  Parameters: {"id"=>"12"}
  [1m[35mMovie Load (0.2ms)[0m  SELECT  "movies".* FROM "movies" WHERE "movies"."id" = ? LIMIT 1  [["id", 12]]
  Rendered movies/show.html.erb within layouts/application (0.8ms)
  Rendered layouts/_flash.erb (0.0ms)
Completed 200 OK in 12ms (Views: 6.9ms | ActiveRecord: 0.2ms)


Started GET "/movies/11" for ::1 at 2022-10-15 22:40:19 -0400
Processing by MoviesController#show as HTML
  Parameters: {"id"=>"11"}
  [1m[36mMovie Load (0.1ms)[0m  [1mSELECT  "movies".* FROM "movies" WHERE "movies"."id" = ? LIMIT 1[0m  [["id", 11]]
  Rendered movies/show.html.erb within layouts/application (0.6ms)
  Rendered layouts/_flash.erb (0.0ms)
Completed 200 OK in 6ms (Views: 5.8ms | ActiveRecord: 0.1ms)


Started GET "/movies/12" for ::1 at 2022-10-15 22:40:28 -0400
Processing by MoviesController#show as HTML
  Parameters: {"id"=>"12"}
  [1m[35mMovie Load (0.1ms)[0m  SELECT  "movies".* FROM "movies" WHERE "movies"."id" = ? LIMIT 1  [["id", 12]]
  Rendered movies/show.html.erb within layouts/application (0.5ms)
  Rendered layouts/_flash.erb (0.1ms)
Completed 200 OK in 11ms (Views: 10.4ms | ActiveRecord: 0.1ms)


Started GET "/movies/find_with_same_director/12" for ::1 at 2022-10-15 22:40:29 -0400
Processing by MoviesController#find_with_same_director as HTML
  Parameters: {"id"=>"12"}
  [1m[36mMovie Load (0.1ms)[0m  [1mSELECT  "movies".* FROM "movies" WHERE "movies"."id" = ? LIMIT 1[0m  [["id", 12]]
Redirected to http://localhost:3000/movies
Completed 302 Found in 1ms (ActiveRecord: 0.1ms)


Started GET "/movies" for ::1 at 2022-10-15 22:40:29 -0400
Processing by MoviesController#index as HTML
  [1m[35mMovie Load (0.1ms)[0m  SELECT "movies".* FROM "movies"
  Rendered movies/index.html.erb within layouts/application (1.4ms)
  Rendered layouts/_flash.erb (0.0ms)
Completed 200 OK in 10ms (Views: 9.2ms | ActiveRecord: 0.1ms)


Started GET "/movies" for ::1 at 2022-10-15 22:49:58 -0400
Processing by MoviesController#index as HTML
  [1m[36mMovie Load (1.9ms)[0m  [1mSELECT "movies".* FROM "movies"[0m
  Rendered movies/index.html.erb within layouts/application (13.2ms)
  Rendered layouts/_flash.erb (0.6ms)
Completed 200 OK in 231ms (Views: 206.7ms | ActiveRecord: 2.2ms)


Started GET "/assets/application.self-e80e8f2318043e8af94dddc2adad5a4f09739a8ebb323b3ab31cd71d45fd9113.css?body=1" for ::1 at 2022-10-15 22:49:59 -0400


Started GET "/assets/application.self-377610cd7c1509e934744c810e3b4cf672dfbcacac3274e7d039827e2ae0fcc7.js?body=1" for ::1 at 2022-10-15 22:49:59 -0400


Started GET "/assets/jquery_ujs.self-e87806d0cf4489aeb1bb7288016024e8de67fd18db693fe026fe3907581e53cd.js?body=1" for ::1 at 2022-10-15 22:49:59 -0400


Started GET "/assets/jquery.self-660adc51e0224b731d29f575a6f1ec167ba08ad06ed5deca4f1e8654c135bf4c.js?body=1" for ::1 at 2022-10-15 22:49:59 -0400


Started GET "/coverage/index.html" for ::1 at 2022-10-15 22:50:04 -0400

ActionController::RoutingError (No route matches [GET] "/coverage/index.html"):
  actionpack (4.2.10) lib/action_dispatch/middleware/debug_exceptions.rb:21:in `call'
  actionpack (4.2.10) lib/action_dispatch/middleware/show_exceptions.rb:30:in `call'
  railties (4.2.10) lib/rails/rack/logger.rb:38:in `call_app'
  railties (4.2.10) lib/rails/rack/logger.rb:20:in `block in call'
  activesupport (4.2.10) lib/active_support/tagged_logging.rb:68:in `block in tagged'
  activesupport (4.2.10) lib/active_support/tagged_logging.rb:26:in `tagged'
  activesupport (4.2.10) lib/active_support/tagged_logging.rb:68:in `tagged'
  railties (4.2.10) lib/rails/rack/logger.rb:20:in `call'
  actionpack (4.2.10) lib/action_dispatch/middleware/request_id.rb:21:in `call'
  rack (1.6.10) lib/rack/methodoverride.rb:22:in `call'
  rack (1.6.10) lib/rack/runtime.rb:18:in `call'
  activesupport (4.2.10) lib/active_support/cache/strategy/local_cache_middleware.rb:28:in `call'
  rack (1.6.10) lib/rack/lock.rb:17:in `call'
  actionpack (4.2.10) lib/action_dispatch/middleware/static.rb:120:in `call'
  rack (1.6.10) lib/rack/sendfile.rb:113:in `call'
  railties (4.2.10) lib/rails/engine.rb:518:in `call'
  railties (4.2.10) lib/rails/application.rb:165:in `call'
  rack (1.6.10) lib/rack/lock.rb:17:in `call'
  rack (1.6.10) lib/rack/content_length.rb:15:in `call'
  rack (1.6.10) lib/rack/handler/webrick.rb:88:in `service'
  /Users/yigit/.rbenv/versions/2.6.6/lib/ruby/2.6.0/webrick/httpserver.rb:140:in `service'
  /Users/yigit/.rbenv/versions/2.6.6/lib/ruby/2.6.0/webrick/httpserver.rb:96:in `run'
  /Users/yigit/.rbenv/versions/2.6.6/lib/ruby/2.6.0/webrick/server.rb:307:in `block in start_thread'


  Rendered /Users/yigit/.rbenv/versions/2.6.6/lib/ruby/gems/2.6.0/gems/actionpack-4.2.10/lib/action_dispatch/middleware/templates/rescues/_trace.html.erb (0.9ms)
  Rendered /Users/yigit/.rbenv/versions/2.6.6/lib/ruby/gems/2.6.0/gems/actionpack-4.2.10/lib/action_dispatch/middleware/templates/routes/_route.html.erb (0.6ms)
  Rendered /Users/yigit/.rbenv/versions/2.6.6/lib/ruby/gems/2.6.0/gems/actionpack-4.2.10/lib/action_dispatch/middleware/templates/routes/_table.html.erb (8.9ms)
  Rendered /Users/yigit/.rbenv/versions/2.6.6/lib/ruby/gems/2.6.0/gems/actionpack-4.2.10/lib/action_dispatch/middleware/templates/rescues/_request_and_response.html.erb (0.8ms)
  Rendered /Users/yigit/.rbenv/versions/2.6.6/lib/ruby/gems/2.6.0/gems/actionpack-4.2.10/lib/action_dispatch/middleware/templates/rescues/routing_error.html.erb within rescues/layout (24.5ms)
